<?xml version="1.0" encoding="UTF-8"?>
<testng-results ignored="0" total="1" passed="1" failed="0" skipped="0">
  <reporter-output>
  </reporter-output>
  <suite started-at="2023-09-05T00:38:50 IST" name="Default suite" finished-at="2023-09-05T00:39:52 IST" duration-ms="61905">
    <groups>
    </groups>
    <test started-at="2023-09-05T00:38:50 IST" name="Default test" finished-at="2023-09-05T00:39:52 IST" duration-ms="61905">
      <class name="autoIT.DatePicker">
        <test-method signature="testDatePicker()[pri:0, instance:autoIT.DatePicker@14cd1699]" started-at="2023-09-05T00:38:50 IST" name="testDatePicker" finished-at="2023-09-05T00:39:52 IST" duration-ms="61825" status="PASS">
          <reporter-output>
          </reporter-output>
        </test-method> <!-- testDatePicker -->
      </class> <!-- autoIT.DatePicker -->
    </test> <!-- Default test -->
  </suite> <!-- Default suite -->
</testng-results>
